{"/Users/wubo/Desktop/graphql-card 2/redbubble-test/src/App.js": {"path":"/Users/wubo/Desktop/graphql-card 2/redbubble-test/src/App.js","statementMap":{"0":{"start":{"line":12,"column":17},"end":{"line":14,"column":2}},"1":{"start":{"line":16,"column":14},"end":{"line":16,"column":33}},"2":{"start":{"line":18,"column":15},"end":{"line":21,"column":2}},"3":{"start":{"line":25,"column":4},"end":{"line":25,"column":12}},"4":{"start":{"line":27,"column":4},"end":{"line":30,"column":5}},"5":{"start":{"line":31,"column":4},"end":{"line":31,"column":53}},"6":{"start":{"line":35,"column":4},"end":{"line":55,"column":6}},"7":{"start":{"line":54,"column":6},"end":{"line":54,"column":45}},"8":{"start":{"line":58,"column":17},"end":{"line":60,"column":3}},"9":{"start":{"line":59,"column":4},"end":{"line":59,"column":50}},"10":{"start":{"line":63,"column":33},"end":{"line":63,"column":43}},"11":{"start":{"line":64,"column":25},"end":{"line":67,"column":5}},"12":{"start":{"line":65,"column":6},"end":{"line":66,"column":79}},"13":{"start":{"line":69,"column":4},"end":{"line":77,"column":5}}},"fnMap":{"0":{"name":"(anonymous_0)","decl":{"start":{"line":24,"column":2},"end":{"line":24,"column":3}},"loc":{"start":{"line":24,"column":16},"end":{"line":32,"column":3}},"line":24},"1":{"name":"(anonymous_1)","decl":{"start":{"line":34,"column":2},"end":{"line":34,"column":3}},"loc":{"start":{"line":34,"column":22},"end":{"line":56,"column":3}},"line":34},"2":{"name":"(anonymous_2)","decl":{"start":{"line":53,"column":10},"end":{"line":53,"column":11}},"loc":{"start":{"line":53,"column":17},"end":{"line":55,"column":5}},"line":53},"3":{"name":"(anonymous_3)","decl":{"start":{"line":58,"column":17},"end":{"line":58,"column":18}},"loc":{"start":{"line":58,"column":24},"end":{"line":60,"column":3}},"line":58},"4":{"name":"(anonymous_4)","decl":{"start":{"line":62,"column":2},"end":{"line":62,"column":3}},"loc":{"start":{"line":62,"column":12},"end":{"line":78,"column":3}},"line":62},"5":{"name":"(anonymous_5)","decl":{"start":{"line":64,"column":37},"end":{"line":64,"column":38}},"loc":{"start":{"line":65,"column":6},"end":{"line":66,"column":79}},"line":65}},"branchMap":{"0":{"loc":{"start":{"line":65,"column":6},"end":{"line":66,"column":79}},"type":"binary-expr","locations":[{"start":{"line":65,"column":6},"end":{"line":65,"column":77}},{"start":{"line":66,"column":9},"end":{"line":66,"column":79}}],"line":65},"1":{"loc":{"start":{"line":74,"column":9},"end":{"line":74,"column":76}},"type":"cond-expr","locations":[{"start":{"line":74,"column":23},"end":{"line":74,"column":62}},{"start":{"line":74,"column":65},"end":{"line":74,"column":76}}],"line":74}},"s":{"0":2,"1":2,"2":2,"3":4,"4":4,"5":4,"6":4,"7":0,"8":4,"9":1,"10":6,"11":6,"12":1,"13":6},"f":{"0":4,"1":4,"2":0,"3":1,"4":6,"5":1},"b":{"0":[1,0],"1":[1,5]},"_coverageSchema":"1a1c01bbd47fc00a2c39e90264f33305004495a9","hash":"fd6b9cd5145483ef09ae4906f0b5c9e0801d12e8"}
,"/Users/wubo/Desktop/graphql-card 2/redbubble-test/src/index.js": {"path":"/Users/wubo/Desktop/graphql-card 2/redbubble-test/src/index.js","statementMap":{"0":{"start":{"line":6,"column":0},"end":{"line":6,"column":58}}},"fnMap":{},"branchMap":{},"s":{"0":1},"f":{},"b":{},"_coverageSchema":"1a1c01bbd47fc00a2c39e90264f33305004495a9","hash":"cc38fbeaff5e3e0749728fc03e1d5ba572b159c9"}
,"/Users/wubo/Desktop/graphql-card 2/redbubble-test/src/components/Camera/Camera.js": {"path":"/Users/wubo/Desktop/graphql-card 2/redbubble-test/src/components/Camera/Camera.js","statementMap":{"0":{"start":{"line":4,"column":15},"end":{"line":15,"column":1}},"1":{"start":{"line":5,"column":2},"end":{"line":14,"column":8}}},"fnMap":{"0":{"name":"(anonymous_0)","decl":{"start":{"line":4,"column":15},"end":{"line":4,"column":16}},"loc":{"start":{"line":5,"column":2},"end":{"line":14,"column":8}},"line":5}},"branchMap":{"0":{"loc":{"start":{"line":11,"column":18},"end":{"line":11,"column":86}},"type":"cond-expr","locations":[{"start":{"line":11,"column":42},"end":{"line":11,"column":68}},{"start":{"line":11,"column":71},"end":{"line":11,"column":86}}],"line":11},"1":{"loc":{"start":{"line":12,"column":17},"end":{"line":12,"column":82}},"type":"cond-expr","locations":[{"start":{"line":12,"column":40},"end":{"line":12,"column":65}},{"start":{"line":12,"column":68},"end":{"line":12,"column":82}}],"line":12}},"s":{"0":5,"1":2},"f":{"0":2},"b":{"0":[0,2],"1":[0,2]},"_coverageSchema":"1a1c01bbd47fc00a2c39e90264f33305004495a9","hash":"699b3d128692fadf1be6de5081301176e57c3df9"}
,"/Users/wubo/Desktop/graphql-card 2/redbubble-test/src/components/Cameras/Cameras.js": {"path":"/Users/wubo/Desktop/graphql-card 2/redbubble-test/src/components/Cameras/Cameras.js","statementMap":{"0":{"start":{"line":6,"column":18},"end":{"line":21,"column":1}},"1":{"start":{"line":23,"column":16},"end":{"line":34,"column":1}},"2":{"start":{"line":24,"column":2},"end":{"line":33,"column":10}},"3":{"start":{"line":27,"column":8},"end":{"line":27,"column":45}},"4":{"start":{"line":27,"column":20},"end":{"line":27,"column":45}},"5":{"start":{"line":28,"column":8},"end":{"line":30,"column":11}},"6":{"start":{"line":29,"column":10},"end":{"line":29,"column":41}}},"fnMap":{"0":{"name":"(anonymous_0)","decl":{"start":{"line":23,"column":16},"end":{"line":23,"column":17}},"loc":{"start":{"line":24,"column":2},"end":{"line":33,"column":10}},"line":24},"1":{"name":"(anonymous_1)","decl":{"start":{"line":26,"column":6},"end":{"line":26,"column":7}},"loc":{"start":{"line":26,"column":28},"end":{"line":31,"column":7}},"line":26},"2":{"name":"(anonymous_2)","decl":{"start":{"line":28,"column":30},"end":{"line":28,"column":31}},"loc":{"start":{"line":29,"column":10},"end":{"line":29,"column":41}},"line":29}},"branchMap":{"0":{"loc":{"start":{"line":27,"column":8},"end":{"line":27,"column":45}},"type":"if","locations":[{"start":{"line":27,"column":8},"end":{"line":27,"column":45}},{"start":{"line":27,"column":8},"end":{"line":27,"column":45}}],"line":27}},"s":{"0":3,"1":3,"2":3,"3":1,"4":1,"5":0,"6":0},"f":{"0":3,"1":1,"2":0},"b":{"0":[1,0]},"_coverageSchema":"1a1c01bbd47fc00a2c39e90264f33305004495a9","hash":"6ae48286f6c0f546c5c4144611f5aca2b943035d"}
,"/Users/wubo/Desktop/graphql-card 2/redbubble-test/src/components/FilteredCameras/FilteredCameras.js": {"path":"/Users/wubo/Desktop/graphql-card 2/redbubble-test/src/components/FilteredCameras/FilteredCameras.js","statementMap":{"0":{"start":{"line":4,"column":24},"end":{"line":10,"column":1}},"1":{"start":{"line":5,"column":2},"end":{"line":9,"column":8}},"2":{"start":{"line":7,"column":6},"end":{"line":7,"column":60}}},"fnMap":{"0":{"name":"(anonymous_0)","decl":{"start":{"line":4,"column":24},"end":{"line":4,"column":25}},"loc":{"start":{"line":5,"column":2},"end":{"line":9,"column":8}},"line":5},"1":{"name":"(anonymous_1)","decl":{"start":{"line":6,"column":20},"end":{"line":6,"column":21}},"loc":{"start":{"line":7,"column":6},"end":{"line":7,"column":60}},"line":7}},"branchMap":{},"s":{"0":3,"1":1,"2":1},"f":{"0":1,"1":1},"b":{},"_coverageSchema":"1a1c01bbd47fc00a2c39e90264f33305004495a9","hash":"49d6af529da681d8d1987bd3283a41897d03833e"}
,"/Users/wubo/Desktop/graphql-card 2/redbubble-test/src/components/SearchBox/SearchBox.js": {"path":"/Users/wubo/Desktop/graphql-card 2/redbubble-test/src/components/SearchBox/SearchBox.js","statementMap":{"0":{"start":{"line":5,"column":18},"end":{"line":15,"column":1}},"1":{"start":{"line":9,"column":0},"end":{"line":14,"column":4}}},"fnMap":{"0":{"name":"(anonymous_0)","decl":{"start":{"line":5,"column":18},"end":{"line":5,"column":19}},"loc":{"start":{"line":9,"column":0},"end":{"line":14,"column":4}},"line":9}},"branchMap":{},"s":{"0":3,"1":2},"f":{"0":2},"b":{},"_coverageSchema":"1a1c01bbd47fc00a2c39e90264f33305004495a9","hash":"d12526b4588d8d95b18c84551f64015d9a6cc91d"}
}
