TN:
SF:src/App.js
FN:24,(anonymous_0)
FN:34,(anonymous_1)
FN:53,(anonymous_2)
FN:58,(anonymous_3)
FN:62,(anonymous_4)
FN:64,(anonymous_5)
FNF:6
FNH:5
FNDA:4,(anonymous_0)
FNDA:4,(anonymous_1)
FNDA:0,(anonymous_2)
FNDA:1,(anonymous_3)
FNDA:6,(anonymous_4)
FNDA:1,(anonymous_5)
DA:12,2
DA:16,2
DA:18,2
DA:25,4
DA:27,4
DA:31,4
DA:35,4
DA:54,0
DA:58,4
DA:59,1
DA:63,6
DA:64,6
DA:65,1
DA:69,6
LF:14
LH:13
BRDA:65,0,0,1
BRDA:65,0,1,0
BRDA:74,1,0,1
BRDA:74,1,1,5
BRF:4
BRH:3
end_of_record
TN:
SF:src/index.js
FNF:0
FNH:0
DA:6,1
LF:1
LH:1
BRF:0
BRH:0
end_of_record
TN:
SF:src/components/Camera/Camera.js
FN:4,(anonymous_0)
FNF:1
FNH:1
FNDA:2,(anonymous_0)
DA:4,5
DA:5,2
LF:2
LH:2
BRDA:11,0,0,0
BRDA:11,0,1,2
BRDA:12,1,0,0
BRDA:12,1,1,2
BRF:4
BRH:2
end_of_record
TN:
SF:src/components/Cameras/Cameras.js
FN:23,(anonymous_0)
FN:26,(anonymous_1)
FN:28,(anonymous_2)
FNF:3
FNH:2
FNDA:3,(anonymous_0)
FNDA:1,(anonymous_1)
FNDA:0,(anonymous_2)
DA:6,3
DA:23,3
DA:24,3
DA:27,1
DA:28,0
DA:29,0
LF:6
LH:4
BRDA:27,0,0,1
BRDA:27,0,1,0
BRF:2
BRH:1
end_of_record
TN:
SF:src/components/FilteredCameras/FilteredCameras.js
FN:4,(anonymous_0)
FN:6,(anonymous_1)
FNF:2
FNH:2
FNDA:1,(anonymous_0)
FNDA:1,(anonymous_1)
DA:4,3
DA:5,1
DA:7,1
LF:3
LH:3
BRF:0
BRH:0
end_of_record
TN:
SF:src/components/SearchBox/SearchBox.js
FN:5,(anonymous_0)
FNF:1
FNH:1
FNDA:2,(anonymous_0)
DA:5,3
DA:9,2
LF:2
LH:2
BRF:0
BRH:0
end_of_record
